Determining if the pthread_create exist failed with the following output:
Change Dir: /home/yel-wishahy/GitHub/ENPH_353_competition/build/CMakeFiles/CMakeTmp

Run Build Command:"/usr/bin/make" "cmTC_e4eaa/fast"
/usr/bin/make -f CMakeFiles/cmTC_e4eaa.dir/build.make CMakeFiles/cmTC_e4eaa.dir/build
make[1]: Entering directory '/home/yel-wishahy/GitHub/ENPH_353_competition/build/CMakeFiles/CMakeTmp'
Building C object CMakeFiles/cmTC_e4eaa.dir/CheckSymbolExists.c.o
/usr/bin/cc    -o CMakeFiles/cmTC_e4eaa.dir/CheckSymbolExists.c.o   -c /home/yel-wishahy/GitHub/ENPH_353_competition/build/CMakeFiles/CMakeTmp/CheckSymbolExists.c
Linking C executable cmTC_e4eaa
/usr/bin/cmake -E cmake_link_script CMakeFiles/cmTC_e4eaa.dir/link.txt --verbose=1
/usr/bin/cc      -rdynamic CMakeFiles/cmTC_e4eaa.dir/CheckSymbolExists.c.o  -o cmTC_e4eaa 
CMakeFiles/cmTC_e4eaa.dir/CheckSymbolExists.c.o: In function `main':
CheckSymbolExists.c:(.text+0x1b): undefined reference to `pthread_create'
collect2: error: ld returned 1 exit status
CMakeFiles/cmTC_e4eaa.dir/build.make:97: recipe for target 'cmTC_e4eaa' failed
make[1]: *** [cmTC_e4eaa] Error 1
make[1]: Leaving directory '/home/yel-wishahy/GitHub/ENPH_353_competition/build/CMakeFiles/CMakeTmp'
Makefile:126: recipe for target 'cmTC_e4eaa/fast' failed
make: *** [cmTC_e4eaa/fast] Error 2

File /home/yel-wishahy/GitHub/ENPH_353_competition/build/CMakeFiles/CMakeTmp/CheckSymbolExists.c:
/* */
#include <pthread.h>

int main(int argc, char** argv)
{
  (void)argv;
#ifndef pthread_create
  return ((int*)(&pthread_create))[argc];
#else
  (void)argc;
  return 0;
#endif
}

Determining if the function pthread_create exists in the pthreads failed with the following output:
Change Dir: /home/yel-wishahy/GitHub/ENPH_353_competition/build/CMakeFiles/CMakeTmp

Run Build Command:"/usr/bin/make" "cmTC_de155/fast"
/usr/bin/make -f CMakeFiles/cmTC_de155.dir/build.make CMakeFiles/cmTC_de155.dir/build
make[1]: Entering directory '/home/yel-wishahy/GitHub/ENPH_353_competition/build/CMakeFiles/CMakeTmp'
Building C object CMakeFiles/cmTC_de155.dir/CheckFunctionExists.c.o
/usr/bin/cc   -DCHECK_FUNCTION_EXISTS=pthread_create   -o CMakeFiles/cmTC_de155.dir/CheckFunctionExists.c.o   -c /usr/share/cmake-3.10/Modules/CheckFunctionExists.c
Linking C executable cmTC_de155
/usr/bin/cmake -E cmake_link_script CMakeFiles/cmTC_de155.dir/link.txt --verbose=1
/usr/bin/cc  -DCHECK_FUNCTION_EXISTS=pthread_create    -rdynamic CMakeFiles/cmTC_de155.dir/CheckFunctionExists.c.o  -o cmTC_de155 -lpthreads 
/usr/bin/ld: cannot find -lpthreads
collect2: error: ld returned 1 exit status
CMakeFiles/cmTC_de155.dir/build.make:97: recipe for target 'cmTC_de155' failed
make[1]: *** [cmTC_de155] Error 1
make[1]: Leaving directory '/home/yel-wishahy/GitHub/ENPH_353_competition/build/CMakeFiles/CMakeTmp'
Makefile:126: recipe for target 'cmTC_de155/fast' failed
make: *** [cmTC_de155/fast] Error 2


